17:27:11 | IONIS V18 Global Normalization Fix | V18 Global Normalization Fix
17:27:11 | Device: mps | Epochs: 100 | Batch: 65536
17:27:11 | Data sources: WSPR (floor) + RBN Full (middle) + RBN DX (50x) + Contest (ceiling)
17:27:11 | Normalization: GLOBAL raw dB (V18 fix)
17:27:11 | Storm upsample: 10x for Kp >= 5
17:27:11 | 
17:27:11 | Connecting to ClickHouse at 10.60.1.1:8123...
17:27:11 | WSPR terrestrial signatures available: 93,339,408
17:27:11 | Loading WSPR floor data (sample 20,000,000)...
17:27:18 | WSPR: 20,000,000 rows in 7.1s
17:27:18 | RBN full signatures available: 56,726,737
17:27:18 | Loading RBN middle data (sample 20,000,000)...
17:27:25 | RBN Full: 20,000,000 rows in 6.8s
17:27:25 | RBN DXpedition signatures available: 91,301
17:27:25 | Loading RBN DXpedition data (all rows)...
17:27:25 | RBN DXpedition: 91,301 rows in 0.0s
17:27:25 | Contest signatures available: 6,337,800
17:27:25 | Loading Contest ceiling data (all rows)...
17:27:27 | Contest: 6,337,485 rows in 2.0s
17:27:27 | Extracting raw SNR values (no per-source normalization)...
17:27:27 |   WSPR raw dB:     mean=-17.8, std=6.3, range=[-99, 57]
17:27:27 |   RBN Full raw dB: mean=17.9, std=8.2, range=[-7, 80]
17:27:27 |   RBN DX raw dB:   mean=16.9, std=6.9, range=[1, 66]
17:27:27 |   Contest raw dB:  mean=5.6, std=5.0, range=[0, 10]
17:27:27 | Engineering features...
17:28:21 | Upsampling RBN DXpedition 50x...
17:28:21 |   DXpedition effective rows: 4,565,050
17:28:21 |   Contest effective rows: 6,337,485
17:28:22 | Combined dataset (before storm upsample): 50,902,535 rows
17:28:22 |   WSPR (floor):       20,000,000 (39.3%)
17:28:22 |   RBN Full (middle):  20,000,000 (39.3%)
17:28:22 |   RBN DX (rare):      4,565,050 (9.0%)
17:28:22 |   Contest (ceiling):  6,337,485 (12.5%)
17:28:22 | Storm upsample: 145,517 rows with Kp >= 5 (0.29%)
17:28:22 |   Upsampling storm rows 10x...
17:28:22 |   After storm upsample: 52,357,705 rows (+1,455,170)
17:28:22 | Applying GLOBAL Z-score normalization (raw dB)...
17:28:22 |   global_mean = 2.28 dB
17:28:22 |   global_std  = 17.98 dB
17:28:22 |   Normalized targets: mean=-0.0000, std=1.0000
17:28:22 |   Physical ordering check:
17:28:22 |     WSPR -18 dB  → z = -1.13σ (should be negative)
17:28:22 |     RTTY   0 dB  → z = -0.13σ
17:28:22 |     SSB  +10 dB  → z = +0.43σ
17:28:22 |     RBN  +17 dB  → z = +0.82σ (should be positive)
17:28:23 | Dataset: 52,357,705 rows x 13 features
17:28:23 | Global normalization: mean=2.28 dB, std=17.98 dB
17:28:23 | Source data range: 2008-03-11 to 2026-02-01
17:28:24 | Split: 41,886,164 train / 10,471,541 val
17:28:24 | Model: IonisV12Gate (203,573 params)
17:28:24 | Trainable: 203,557 / 203,573
17:28:24 | 
Training started (100 epochs)
17:28:24 |  Ep     Train       Val     RMSE   Pearson   SFI+   Kp9-    Time
17:28:24 | ----------------------------------------------------------------
17:32:37 |   1    0.6904    0.5435   0.737σ  +0.0314  +2.18  +6.02  253.1s *
17:36:57 |   2    0.4649    0.5008   0.708σ  +0.0903  +1.76  +5.86  259.9s *
17:41:13 |   3    0.4410    0.4836   0.695σ  +0.1318  +1.33  +5.68  255.9s *
17:45:27 |   4    0.4242    0.4715   0.687σ  +0.1632  +1.04  +5.42  253.7s *
17:49:38 |   5    0.4164    0.4655   0.682σ  +0.1793  +0.97  +5.12  251.5s *
17:53:48 |   6    0.4125    0.4607   0.679σ  +0.1890  +0.94  +4.80  250.0s *
17:57:57 |   7    0.4095    0.4563   0.675σ  +0.1981  +0.90  +4.47  248.2s *
18:02:07 |   8    0.4066    0.4527   0.673σ  +0.2068  +0.85  +4.14  250.7s *
18:06:17 |   9    0.4037    0.4484   0.670σ  +0.2152  +0.78  +3.81  250.2s *
18:10:27 |  10    0.4008    0.4444   0.667σ  +0.2226  +0.69  +3.51  249.7s *
18:14:38 |  11    0.3978    0.4426   0.665σ  +0.2300  +0.60  +3.23  250.6s *
18:18:50 |  12    0.3950    0.4385   0.662σ  +0.2368  +0.51  +3.01  252.5s *
18:23:03 |  13    0.3927    0.4361   0.660σ  +0.2420  +0.48  +2.75  253.0s *
18:27:12 |  14    0.3915    0.4342   0.659σ  +0.2453  +0.48  +2.60  248.7s *
18:31:20 |  15    0.3904    0.4323   0.657σ  +0.2484  +0.48  +2.49  247.8s *
18:35:29 |  16    0.3895    0.4326   0.658σ  +0.2509  +0.48  +2.44  249.3s
18:39:39 |  17    0.3885    0.4325   0.658σ  +0.2530  +0.48  +2.44  249.6s
18:43:47 |  18    0.3876    0.4331   0.658σ  +0.2553  +0.48  +2.44  248.2s
18:47:56 |  19    0.3866    0.4310   0.656σ  +0.2581  +0.48  +2.42  249.4s *
18:52:05 |  20    0.3857    0.4300   0.656σ  +0.2610  +0.48  +2.41  248.6s *
18:56:16 |  21    0.3848    0.4295   0.655σ  +0.2633  +0.48  +2.39  250.9s *
19:00:26 |  22    0.3840    0.4286   0.655σ  +0.2660  +0.48  +2.37  250.6s *
19:04:38 |  23    0.3831    0.4280   0.654σ  +0.2683  +0.48  +2.35  251.9s *
19:08:50 |  24    0.3822    0.4272   0.654σ  +0.2711  +0.48  +2.32  252.1s *
19:13:02 |  25    0.3813    0.4265   0.653σ  +0.2734  +0.48  +2.28  251.3s *
19:17:13 |  26    0.3804    0.4247   0.652σ  +0.2758  +0.48  +2.24  251.0s *
19:21:26 |  27    0.3796    0.4262   0.653σ  +0.2776  +0.48  +2.19  253.7s
19:25:37 |  28    0.3789    0.4244   0.651σ  +0.2803  +0.48  +2.14  250.4s *
19:29:45 |  29    0.3781    0.4224   0.650σ  +0.2829  +0.48  +2.09  248.3s *
19:33:58 |  30    0.3774    0.4239   0.651σ  +0.2839  +0.48  +2.05  252.4s
19:38:09 |  31    0.3769    0.4225   0.650σ  +0.2859  +0.48  +2.00  251.7s
19:42:16 |  32    0.3763    0.4221   0.650σ  +0.2872  +0.48  +1.96  246.5s *
19:46:23 |  33    0.3758    0.4226   0.650σ  +0.2888  +0.48  +1.92  246.8s
19:50:31 |  34    0.3753    0.4212   0.649σ  +0.2904  +0.48  +1.89  248.8s *
19:54:41 |  35    0.3748    0.4222   0.650σ  +0.2910  +0.48  +1.86  249.9s
19:58:52 |  36    0.3744    0.4206   0.649σ  +0.2921  +0.48  +1.83  250.5s *
20:03:01 |  37    0.3740    0.4200   0.648σ  +0.2934  +0.48  +1.81  249.2s *
20:07:12 |  38    0.3736    0.4207   0.649σ  +0.2936  +0.48  +1.79  250.9s
20:11:21 |  39    0.3733    0.4221   0.650σ  +0.2947  +0.48  +1.77  249.2s
20:15:31 |  40    0.3730    0.4192   0.647σ  +0.2960  +0.48  +1.75  249.6s *
20:19:42 |  41    0.3726    0.4189   0.647σ  +0.2969  +0.48  +1.73  251.4s *
20:23:52 |  42    0.3723    0.4205   0.648σ  +0.2966  +0.48  +1.71  249.8s
20:28:03 |  43    0.3720    0.4204   0.648σ  +0.2980  +0.48  +1.70  250.8s
20:32:10 |  44    0.3717    0.4184   0.647σ  +0.2987  +0.48  +1.68  247.0s *
20:36:16 |  45    0.3715    0.4186   0.647σ  +0.2991  +0.48  +1.67  246.2s
20:40:22 |  46    0.3712    0.4175   0.646σ  +0.3000  +0.48  +1.66  246.4s *
20:44:28 |  47    0.3711    0.4181   0.647σ  +0.3007  +0.48  +1.65  245.9s
20:48:34 |  48    0.3708    0.4182   0.647σ  +0.3015  +0.48  +1.64  246.3s
20:52:48 |  49    0.3706    0.4176   0.646σ  +0.3014  +0.48  +1.63  253.8s
20:56:59 |  50    0.3704    0.4169   0.646σ  +0.3026  +0.48  +1.62  250.6s *
21:01:07 |  51    0.3702    0.4165   0.645σ  +0.3032  +0.48  +1.61  248.6s *
21:05:16 |  52    0.3700    0.4168   0.646σ  +0.3036  +0.48  +1.61  248.7s
21:09:26 |  53    0.3698    0.4161   0.645σ  +0.3042  +0.48  +1.60  250.0s *
21:13:35 |  54    0.3696    0.4172   0.646σ  +0.3042  +0.48  +1.60  248.9s
21:17:43 |  55    0.3694    0.4177   0.646σ  +0.3050  +0.48  +1.59  247.4s
21:21:51 |  56    0.3693    0.4165   0.645σ  +0.3052  +0.48  +1.58  248.7s
21:25:59 |  57    0.3691    0.4160   0.645σ  +0.3057  +0.48  +1.58  248.0s *
21:30:08 |  58    0.3690    0.4166   0.645σ  +0.3061  +0.48  +1.58  249.1s
21:34:17 |  59    0.3688    0.4160   0.645σ  +0.3065  +0.48  +1.57  248.6s *
21:38:23 |  60    0.3687    0.4155   0.645σ  +0.3068  +0.48  +1.56  246.6s *
21:42:32 |  61    0.3685    0.4167   0.646σ  +0.3067  +0.48  +1.56  249.0s
21:46:42 |  62    0.3683    0.4152   0.644σ  +0.3075  +0.48  +1.56  249.4s *
21:50:51 |  63    0.3682    0.4163   0.645σ  +0.3075  +0.48  +1.55  249.2s
21:55:00 |  64    0.3681    0.4149   0.644σ  +0.3078  +0.48  +1.55  248.7s *
21:59:10 |  65    0.3679    0.4161   0.645σ  +0.3083  +0.48  +1.55  249.9s
22:03:18 |  66    0.3678    0.4156   0.645σ  +0.3088  +0.48  +1.55  248.0s
22:07:28 |  67    0.3676    0.4161   0.645σ  +0.3087  +0.48  +1.54  250.3s
22:11:39 |  68    0.3675    0.4157   0.645σ  +0.3090  +0.48  +1.54  250.8s
22:15:49 |  69    0.3674    0.4153   0.644σ  +0.3093  +0.48  +1.54  249.8s
22:19:58 |  70    0.3673    0.4155   0.645σ  +0.3097  +0.48  +1.54  248.9s
22:24:06 |  71    0.3672    0.4154   0.645σ  +0.3097  +0.48  +1.53  249.0s
22:28:13 |  72    0.3671    0.4150   0.644σ  +0.3102  +0.48  +1.53  246.5s
22:32:19 |  73    0.3669    0.4155   0.645σ  +0.3104  +0.48  +1.53  246.2s
22:36:27 |  74    0.3668    0.4149   0.644σ  +0.3103  +0.48  +1.53  247.9s
22:40:35 |  75    0.3667    0.4158   0.645σ  +0.3105  +0.48  +1.53  247.8s
22:44:44 |  76    0.3666    0.4153   0.644σ  +0.3104  +0.48  +1.52  248.7s
22:48:51 |  77    0.3665    0.4143   0.644σ  +0.3111  +0.48  +1.52  247.6s *
22:53:01 |  78    0.3664    0.4148   0.644σ  +0.3109  +0.48  +1.52  249.3s
22:57:07 |  79    0.3663    0.4149   0.644σ  +0.3112  +0.48  +1.52  246.3s
23:01:14 |  80    0.3662    0.4142   0.644σ  +0.3113  +0.48  +1.52  246.8s *
23:05:19 |  81    0.3661    0.4140   0.643σ  +0.3116  +0.48  +1.52  245.6s *
23:09:26 |  82    0.3661    0.4150   0.644σ  +0.3116  +0.48  +1.52  247.0s
23:13:32 |  83    0.3660    0.4145   0.644σ  +0.3119  +0.48  +1.51  246.2s
23:17:40 |  84    0.3658    0.4153   0.644σ  +0.3120  +0.48  +1.51  247.4s
23:21:47 |  85    0.3658    0.4150   0.644σ  +0.3121  +0.48  +1.51  246.8s
23:25:54 |  86    0.3658    0.4150   0.644σ  +0.3123  +0.48  +1.51  247.3s
23:30:01 |  87    0.3657    0.4147   0.644σ  +0.3122  +0.48  +1.51  247.5s
23:34:09 |  88    0.3656    0.4145   0.644σ  +0.3124  +0.48  +1.51  247.5s
23:38:16 |  89    0.3656    0.4146   0.644σ  +0.3125  +0.48  +1.51  247.1s
23:42:25 |  90    0.3655    0.4138   0.643σ  +0.3127  +0.48  +1.51  249.0s *
23:46:33 |  91    0.3654    0.4140   0.643σ  +0.3127  +0.48  +1.51  248.3s
23:50:40 |  92    0.3654    0.4147   0.644σ  +0.3127  +0.48  +1.51  246.8s
23:54:48 |  93    0.3653    0.4141   0.644σ  +0.3129  +0.48  +1.51  247.9s
23:58:58 |  94    0.3652    0.4143   0.644σ  +0.3130  +0.48  +1.51  250.2s
00:03:07 |  95    0.3652    0.4138   0.643σ  +0.3131  +0.48  +1.51  249.2s *
00:07:15 |  96    0.3651    0.4136   0.643σ  +0.3133  +0.48  +1.51  248.2s *
00:11:24 |  97    0.3651    0.4150   0.644σ  +0.3129  +0.48  +1.51  248.1s
00:15:31 |  98    0.3651    0.4143   0.644σ  +0.3132  +0.48  +1.51  246.9s
00:19:38 |  99    0.3650    0.4139   0.643σ  +0.3134  +0.48  +1.51  247.6s
00:23:44 | 100    0.3650    0.4145   0.644σ  +0.3135  +0.48  +1.51  245.5s
00:23:44 | ----------------------------------------------------------------
00:23:44 | Training complete. Best RMSE: 0.6431σ, Pearson: +0.3133
00:23:44 | Checkpoint: /Users/gbeam/workspace/ki7mt-ai-lab/ki7mt-ai-lab-training/versions/v18/ionis_v18.pth
00:23:44 | 
00:23:44 | === PHYSICS VERIFICATION (normalized units) ===
00:23:44 | SFI 70→200 benefit: +0.482σ
00:23:44 | Kp 0→9 storm cost: +1.507σ
00:23:44 |   (≈ +8.7 dB SFI benefit)
00:23:44 |   (≈ +27.1 dB storm cost)
00:23:44 | SFI monotonicity: CORRECT
00:23:44 | Kp monotonicity: CORRECT
00:23:44 | 
00:23:44 | === V18 NORMALIZATION FIX SUMMARY ===
00:23:44 | V17 (broken):  global_mean=0.44σ (mixed Z), global_std=1.50σ
00:23:44 | V18 (fixed):   global_mean=2.28 dB, global_std=17.98 dB
00:23:44 | 
00:23:44 | Denormalization formula:
00:23:44 |   snr_dB = prediction_σ × 17.98 + 2.28
00:23:44 | 
00:23:44 | Expected PSKR recall: 80-95% (not 99%)
00:23:44 | Expected Step I recall: 85-95% (not 100%)
00:23:44 | 
00:23:44 | Run validate_v18.py to test on contest paths.
00:23:44 | Run validate_pskr.py to test on independent PSK Reporter data.
