03:30:14 | ======================================================================
03:30:14 | AUDIT-02: XAVIER UNIFORM INIT (NO DEFIBRILLATOR)
03:30:14 | ======================================================================
03:30:14 | 
03:30:14 | HYPOTHESIS: If +0.48 still appears, it is clamp-dependent.
03:30:14 | EXPECTED: SFI will hit +0.48 (clamp floor unchanged at [0.5, 2.0]).
03:30:14 | (AUDIT-01 already confirmed clamp is the cause — this is control.)
03:30:14 | 
03:30:14 | ======================================================================
03:30:14 | IONIS audit-02 | AUDIT
03:30:14 | ======================================================================
03:30:14 | Config: /Users/gbeam/workspace/ionis-ai/ionis-training/versions/audit-02/config_audit02.json
03:30:14 | 
03:30:14 | === TRAINING ===
03:30:14 |   Device: mps
03:30:14 |   Epochs: 30
03:30:14 |   Batch size: 65,536
03:30:14 |   Validation split: 20%
03:30:14 | 
03:30:14 | === DATA ===
03:30:14 |   WSPR sample: 20,000,000
03:30:14 |   RBN Full sample: 0
03:30:14 |   RBN DX upsample: 50x
03:30:14 |   Contest upsample: 1x
03:30:14 |   Storm upsample: 0x (Kp >= 5)
03:30:14 | 
03:30:14 | === LEARNING RATES ===
03:30:14 |   Trunk + Gates: 1e-05
03:30:14 |   Sidecars: 0.001 (100x boost)
03:30:14 |   Weight decay: 1e-05
03:30:14 | 
03:30:14 | === MODEL ===
03:30:14 |   Architecture: IonisGate
03:30:14 |   DNN dim: 15
03:30:14 |   Hidden: 256 (trunk: 512→256→128→1)
03:30:14 |   Sidecar hidden: 8
03:30:14 | 
03:30:14 | wspr.signatures_v2_terrestrial: 93,596,266 rows available
03:30:24 | wspr.signatures_v2_terrestrial: loaded 20,000,000 rows in 9.8s
03:30:24 | rbn.dxpedition_signatures: 260,469 rows available
03:30:24 | rbn.dxpedition_signatures: loaded 260,459 rows in 0.1s
03:30:24 | contest.signatures: 5,737,139 rows available
03:30:26 | contest.signatures: loaded 5,737,139 rows in 1.9s
03:30:26 | 
03:30:26 | === PER-SOURCE PER-BAND NORMALIZATION ===
03:30:27 |   WSPR:    mean=-0.001, std=0.948
03:30:27 |   RBN DX:  mean=-0.036, std=1.054
03:30:27 |   Contest: mean=3.537, std=0.764
03:30:27 | 
03:30:27 | Engineering features...
03:30:27 |   dnn_dim=15 (V22-gamma recipe)
03:30:59 | Upsampling RBN DXpedition 50x...
03:30:59 | 
03:30:59 | Combined dataset: 38,760,089 rows
03:30:59 | Normalized SNR: mean=0.511, std=1.586
03:30:59 | Source data range: 2008-03-11 to 2026-02-22
03:31:01 | Split: 31,008,072 train / 7,752,017 val
03:31:01 | Model: IonisGate (205,621 params)
03:31:01 | Xavier Uniform init applied (NO Defibrillator)
03:31:01 |   fc1/fc2 weights: Xavier Uniform
03:31:01 |   fc1/fc2 biases: zeros
03:31:01 | Trainable: 205,621 / 205,621
03:31:01 | 
03:31:01 | === INITIAL WEIGHTS (POST-XAVIER) ===
03:31:01 |   SUN SIDECAR WEIGHTS (epoch 0):
03:31:01 |     fc1: min=-0.5068, max=0.5545, mean=0.0062
03:31:01 |     fc2: min=-0.6570, max=0.4237, mean=-0.0821
03:31:01 |   STORM SIDECAR WEIGHTS (epoch 0):
03:31:01 |     fc1: min=-0.4493, max=0.6795
03:31:01 |     fc2: min=-0.5555, max=0.5732
03:31:01 | 
03:31:01 | Training started (30 epochs)
03:31:01 | *** USING ORIGINAL CLAMP [0.5, 2.0] ***
03:31:01 | 
03:31:01 |  Ep     Train       Val     RMSE   Pearson    SFI+   Kp9-    Time
03:31:01 | -----------------------------------------------------------------
03:34:14 |   1    2.9538    0.9228   0.961σ  -0.0889  +0.409  +0.96  192.6s *
03:34:14 |   SUN SIDECAR WEIGHTS (epoch 1):
03:34:14 |     fc1: min=0.5000, max=0.5000, mean=0.5000
03:34:14 |     fc2: min=0.5000, max=0.5000, mean=0.5000
03:34:14 |   STORM SIDECAR WEIGHTS (epoch 1):
03:34:14 |     fc1: min=0.5000, max=0.5000
03:34:14 |     fc2: min=0.5000, max=0.5000
03:37:24 |   2    0.7354    0.8120   0.901σ  +0.0050  +0.405  +0.95  190.4s *
03:40:33 |   3    0.7148    0.8001   0.895σ  +0.0718  +0.404  +0.95  189.1s *
03:43:43 |   4    0.7064    0.7914   0.890σ  +0.1188  +0.404  +0.95  190.4s *
03:46:53 |   5    0.6999    0.7855   0.886σ  +0.1535  +0.403  +0.95  189.2s *
03:46:53 |   SUN SIDECAR WEIGHTS (epoch 5):
03:46:53 |     fc1: min=0.5000, max=0.5000, mean=0.5000
03:46:53 |     fc2: min=0.5000, max=0.5000, mean=0.5000
03:46:53 |   STORM SIDECAR WEIGHTS (epoch 5):
03:46:53 |     fc1: min=0.5000, max=0.5000
03:46:53 |     fc2: min=0.5000, max=0.5000
03:50:02 |   6    0.6946    0.7805   0.883σ  +0.1789  +0.402  +0.95  189.0s *
03:53:09 |   7    0.6903    0.7769   0.881σ  +0.2003  +0.402  +0.95  187.3s *
03:56:16 |   8    0.6863    0.7742   0.880σ  +0.2223  +0.401  +0.95  187.2s *
03:59:23 |   9    0.6821    0.7702   0.878σ  +0.2459  +0.400  +0.95  186.9s *
04:02:30 |  10    0.6775    0.7665   0.875σ  +0.2708  +0.400  +0.96  186.4s *
04:02:30 |   SUN SIDECAR WEIGHTS (epoch 10):
04:02:30 |     fc1: min=0.5000, max=0.5000, mean=0.5000
04:02:30 |     fc2: min=0.5000, max=0.5000, mean=0.5000
04:02:30 |   STORM SIDECAR WEIGHTS (epoch 10):
04:02:30 |     fc1: min=0.5046, max=0.5047
04:02:30 |     fc2: min=0.5012, max=0.5013
04:05:36 |  11    0.6722    0.7632   0.874σ  +0.2951  +0.399  +0.97  186.9s *
04:08:43 |  12    0.6668    0.7590   0.871σ  +0.3166  +0.398  +0.99  186.7s *
04:11:49 |  13    0.6612    0.7562   0.870σ  +0.3344  +0.397  +1.01  186.1s *
04:14:56 |  14    0.6539    0.7529   0.868σ  +0.3504  +0.395  +1.05  186.3s *
04:18:02 |  15    0.6421    0.7454   0.863σ  +0.3673  +0.395  +1.13  186.1s *
04:18:02 |   SUN SIDECAR WEIGHTS (epoch 15):
04:18:02 |     fc1: min=0.5000, max=0.5000, mean=0.5000
04:18:02 |     fc2: min=0.5000, max=0.5000, mean=0.5000
04:18:02 |   STORM SIDECAR WEIGHTS (epoch 15):
04:18:02 |     fc1: min=0.5534, max=0.5545
04:18:02 |     fc2: min=0.5257, max=0.5266
04:21:07 |  16    0.6282    0.7360   0.858σ  +0.3846  +0.392  +1.22  185.9s *
04:24:14 |  17    0.6163    0.7263   0.852σ  +0.3977  +0.388  +1.29  186.0s *
04:27:20 |  18    0.6080    0.7192   0.848σ  +0.4062  +0.382  +1.36  186.2s *
04:30:26 |  19    0.6020    0.7135   0.845σ  +0.4120  +0.377  +1.41  186.0s *
04:33:32 |  20    0.5977    0.7106   0.843σ  +0.4153  +0.374  +1.43  186.1s *
04:33:32 |   SUN SIDECAR WEIGHTS (epoch 20):
04:33:32 |     fc1: min=0.5000, max=0.5000, mean=0.5000
04:33:32 |     fc2: min=0.5000, max=0.5000, mean=0.5000
04:33:32 |   STORM SIDECAR WEIGHTS (epoch 20):
04:33:32 |     fc1: min=0.6212, max=0.6235
04:33:32 |     fc2: min=0.5677, max=0.5698
04:36:38 |  21    0.5945    0.7072   0.841σ  +0.4185  +0.371  +1.42  186.1s *
04:39:44 |  22    0.5922    0.7062   0.840σ  +0.4205  +0.369  +1.41  186.0s *
04:42:50 |  23    0.5904    0.7047   0.839σ  +0.4219  +0.368  +1.39  185.8s *
04:45:56 |  24    0.5890    0.7031   0.838σ  +0.4234  +0.366  +1.37  186.3s *
04:49:02 |  25    0.5879    0.7020   0.838σ  +0.4244  +0.365  +1.35  186.0s *
04:49:02 |   SUN SIDECAR WEIGHTS (epoch 25):
04:49:02 |     fc1: min=0.5000, max=0.5000, mean=0.5000
04:49:02 |     fc2: min=0.5000, max=0.5000, mean=0.5000
04:49:02 |   STORM SIDECAR WEIGHTS (epoch 25):
04:49:02 |     fc1: min=0.5929, max=0.5951
04:49:02 |     fc2: min=0.5659, max=0.5680
04:52:08 |  26    0.5870    0.7011   0.837σ  +0.4249  +0.365  +1.34  186.0s *
04:55:14 |  27    0.5863    0.7013   0.837σ  +0.4257  +0.364  +1.34  186.3s
04:58:20 |  28    0.5858    0.7007   0.837σ  +0.4264  +0.364  +1.33  186.0s *
05:01:26 |  29    0.5852    0.7005   0.837σ  +0.4269  +0.364  +1.33  185.9s *
05:04:33 |  30    0.5848    0.6997   0.837σ  +0.4272  +0.364  +1.33  186.1s *
05:04:33 |   SUN SIDECAR WEIGHTS (epoch 30):
05:04:33 |     fc1: min=0.5000, max=0.5000, mean=0.5000
05:04:33 |     fc2: min=0.5000, max=0.5000, mean=0.5000
05:04:33 |   STORM SIDECAR WEIGHTS (epoch 30):
05:04:33 |     fc1: min=0.5848, max=0.5870
05:04:33 |     fc2: min=0.5650, max=0.5672
05:04:33 | -----------------------------------------------------------------
05:04:33 | 
05:04:33 | ======================================================================
05:04:33 | AUDIT-02 RESULTS
05:04:33 | ======================================================================
05:04:33 | 
05:04:33 | === FINAL WEIGHTS ===
05:04:33 |   SUN SIDECAR WEIGHTS (epoch 30):
05:04:33 |     fc1: min=0.5000, max=0.5000, mean=0.5000
05:04:33 |     fc2: min=0.5000, max=0.5000, mean=0.5000
05:04:33 |   STORM SIDECAR WEIGHTS (epoch 30):
05:04:33 |     fc1: min=0.5848, max=0.5870
05:04:33 |     fc2: min=0.5650, max=0.5672
05:04:33 | 
05:04:33 | AUDIT-02 SUMMARY:
05:04:33 |   Best RMSE: 0.8365σ
05:04:33 |   Best Pearson: +0.4272
05:04:33 |   Final SFI+: +0.3639σ
05:04:33 |   Final Kp9-: +1.3300σ
05:04:33 | 
05:04:33 | >>> UNEXPECTED RESULT <<<
05:04:33 | >>> SFI at +0.3639σ (expected ~+0.48) <<<
05:04:33 | >>> Further investigation needed <<<
05:04:33 | 
05:04:33 | Checkpoint: /Users/gbeam/workspace/ionis-ai/ionis-training/versions/audit-02/ionis_audit02.safetensors
05:04:33 | Wall time: 94.3 minutes
