11:30:16 | ======================================================================
11:30:16 | IONIS V20 Golden Master | V20 Golden Master: V16 Replication
11:30:16 | ======================================================================
11:30:16 | Device: mps | Epochs: 100 | Batch: 65,536
11:30:16 | 
11:30:16 | V16 PHYSICS LAWS:
11:30:16 |   1. Architecture: IonisV12Gate (gates from trunk output)
11:30:16 |   2. Loss: HuberLoss(delta=1.0)
11:30:16 |   3. Regularization: Gate variance loss
11:30:16 |   4. Init: Defibrillator (weights 0.8-1.2, fc2.bias=-10)
11:30:16 |   5. Constraint: Weight clamp [0.5, 2.0] every step
11:30:16 |   6. Data: V16 recipe (NO RBN Full)
11:30:16 | 
11:30:16 | SUCCESS CRITERIA:
11:30:16 |   - Pearson > +0.48
11:30:16 |   - Kp sidecar > +3.0σ
11:30:16 |   - SFI sidecar > +0.4σ
11:30:16 | 
11:30:16 | Connecting to ClickHouse at 10.60.1.1:8123...
11:30:16 | WSPR terrestrial signatures available: 93,339,408
11:30:16 | Loading WSPR terrestrial data (sample 20,000,000)...
11:30:24 | WSPR: 20,000,000 rows in 7.8s
11:30:24 | RBN DXpedition signatures available: 91,301
11:30:24 | Loading RBN DXpedition data (all rows)...
11:30:24 | RBN DXpedition: 91,301 rows in 0.0s
11:30:24 | Contest signatures available: 6,337,800
11:30:24 | Loading Contest data (all rows)...
11:30:26 | Contest: 6,337,485 rows in 2.2s
11:30:26 | Applying per-source per-band Z-score normalization...
11:30:27 |   WSPR normalized:    mean=0.000, std=0.948
11:30:27 |   RBN normalized:     mean=0.000, std=1.028
11:30:27 |   Contest normalized: mean=3.523, std=0.765
11:30:27 | Engineering features...
11:31:02 | Upsampling RBN DXpedition 50x...
11:31:02 |   RBN effective rows: 4,565,050
11:31:02 |   Contest effective rows: 6,337,485
11:31:03 | Combined dataset: 30,902,535 rows
11:31:03 |   WSPR:    20,000,000 (64.7%)
11:31:03 |   RBN DX:  4,565,050 (14.8%)
11:31:03 |   Contest: 6,337,485 (20.5%)
11:31:03 | Dataset: 30,902,535 rows x 13 features
11:31:03 | Normalized SNR: mean=0.723, std=1.697
11:31:03 | Source data range: 2008-03-11 to 2026-02-01
11:31:04 | Split: 24,722,028 train / 6,180,507 val
11:31:04 | Model: IonisV12Gate (203,573 params)
11:31:04 | Defibrillator applied: sidecar weights uniform(0.8-1.2), fc2.bias=-10.0, fc1.bias frozen
11:31:04 | Trainable: 203,557 / 203,573
11:31:04 | 
11:31:04 | Training started (100 epochs)
11:31:04 |  Ep     Train       Val     RMSE   Pearson   SFI+   Kp9-    Time
11:31:04 | ----------------------------------------------------------------
11:33:38 |   1    1.2081    1.0893   1.044σ  -0.0262  +2.53  +6.64  153.9s *
11:36:10 |   2    0.8658    0.9986   0.999σ  +0.0434  +2.27  +6.49  152.4s *
11:38:43 |   3    0.8239    0.9596   0.980σ  +0.0796  +2.11  +6.51  152.8s *
11:41:16 |   4    0.8019    0.9233   0.961σ  +0.1844  +1.92  +6.52  152.4s *
11:43:48 |   5    0.7663    0.8937   0.945σ  +0.2642  +1.73  +6.64  152.5s *
11:46:21 |   6    0.7482    0.8785   0.937σ  +0.2900  +1.54  +6.87  152.5s *
11:48:54 |   7    0.7356    0.8671   0.931σ  +0.3073  +1.35  +7.08  153.3s *
11:51:25 |   8    0.7264    0.8605   0.928σ  +0.3257  +1.19  +7.19  150.6s *
11:53:58 |   9    0.7192    0.8531   0.924σ  +0.3401  +1.06  +7.20  153.4s *
11:56:31 |  10    0.7130    0.8470   0.920σ  +0.3546  +0.96  +7.14  153.1s *
11:59:01 |  11    0.7073    0.8406   0.917σ  +0.3657  +0.91  +7.03  150.1s *
12:01:34 |  12    0.7013    0.8373   0.915σ  +0.3781  +0.89  +6.90  152.3s *
12:04:07 |  13    0.6946    0.8315   0.912σ  +0.3883  +0.86  +6.74  153.1s *
12:06:40 |  14    0.6885    0.8299   0.911σ  +0.3973  +0.84  +6.59  153.2s *
12:09:13 |  15    0.6834    0.8283   0.910σ  +0.4048  +0.81  +6.44  153.5s *
12:11:44 |  16    0.6786    0.8242   0.908σ  +0.4092  +0.77  +6.28  151.0s *
12:14:14 |  17    0.6737    0.8221   0.907σ  +0.4141  +0.73  +6.12  150.1s *
12:16:47 |  18    0.6687    0.8171   0.904σ  +0.4199  +0.68  +5.95  153.0s *
12:19:20 |  19    0.6630    0.8160   0.903σ  +0.4254  +0.63  +5.80  153.0s *
12:21:53 |  20    0.6566    0.8098   0.900σ  +0.4307  +0.58  +5.60  153.0s *
12:24:27 |  21    0.6498    0.8012   0.895σ  +0.4386  +0.54  +5.39  153.4s *
12:27:00 |  22    0.6436    0.7956   0.892σ  +0.4439  +0.51  +5.18  153.0s *
12:29:33 |  23    0.6384    0.7900   0.889σ  +0.4481  +0.49  +4.97  152.9s *
12:32:06 |  24    0.6342    0.7859   0.886σ  +0.4513  +0.48  +4.78  153.5s *
12:34:39 |  25    0.6309    0.7822   0.884σ  +0.4538  +0.48  +4.62  152.9s *
12:37:13 |  26    0.6281    0.7812   0.884σ  +0.4551  +0.48  +4.46  153.4s *
12:39:46 |  27    0.6258    0.7784   0.882σ  +0.4574  +0.48  +4.32  153.1s *
12:42:19 |  28    0.6238    0.7764   0.881σ  +0.4599  +0.48  +4.21  153.2s *
12:44:49 |  29    0.6220    0.7738   0.880σ  +0.4599  +0.48  +4.09  150.3s *
12:47:22 |  30    0.6205    0.7732   0.879σ  +0.4616  +0.48  +4.01  153.1s *
12:49:54 |  31    0.6192    0.7722   0.879σ  +0.4626  +0.48  +3.94  151.7s *
12:52:27 |  32    0.6178    0.7725   0.879σ  +0.4646  +0.48  +3.88  152.9s
12:55:00 |  33    0.6167    0.7685   0.877σ  +0.4644  +0.48  +3.82  153.0s *
12:57:33 |  34    0.6156    0.7689   0.877σ  +0.4652  +0.48  +3.78  152.7s
13:00:06 |  35    0.6145    0.7672   0.876σ  +0.4670  +0.48  +3.74  153.3s *
13:02:39 |  36    0.6135    0.7668   0.876σ  +0.4680  +0.48  +3.70  152.5s *
13:05:11 |  37    0.6125    0.7641   0.874σ  +0.4688  +0.48  +3.66  152.0s *
13:07:44 |  38    0.6117    0.7638   0.874σ  +0.4693  +0.48  +3.63  152.9s *
13:10:17 |  39    0.6106    0.7627   0.873σ  +0.4697  +0.48  +3.61  153.4s *
13:12:50 |  40    0.6097    0.7613   0.873σ  +0.4712  +0.48  +3.59  153.0s *
13:15:24 |  41    0.6088    0.7619   0.873σ  +0.4728  +0.48  +3.58  153.5s
13:17:57 |  42    0.6074    0.7608   0.872σ  +0.4733  +0.48  +3.57  153.0s *
13:20:30 |  43    0.6060    0.7595   0.872σ  +0.4754  +0.48  +3.56  153.6s *
13:23:03 |  44    0.6048    0.7582   0.871σ  +0.4747  +0.48  +3.54  153.0s *
13:25:37 |  45    0.6039    0.7570   0.870σ  +0.4761  +0.48  +3.53  153.6s *
13:28:10 |  46    0.6030    0.7567   0.870σ  +0.4761  +0.48  +3.52  153.0s *
13:30:43 |  47    0.6022    0.7568   0.870σ  +0.4770  +0.48  +3.52  153.3s
13:33:16 |  48    0.6015    0.7558   0.869σ  +0.4781  +0.48  +3.52  153.1s *
13:35:49 |  49    0.6008    0.7561   0.870σ  +0.4781  +0.48  +3.52  152.9s
13:38:22 |  50    0.6002    0.7542   0.868σ  +0.4790  +0.48  +3.52  153.2s *
13:40:56 |  51    0.5995    0.7542   0.868σ  +0.4797  +0.48  +3.52  153.2s *
13:43:29 |  52    0.5989    0.7542   0.868σ  +0.4794  +0.48  +3.52  153.6s *
13:46:04 |  53    0.5983    0.7530   0.868σ  +0.4800  +0.48  +3.51  154.5s *
13:48:38 |  54    0.5978    0.7530   0.868σ  +0.4800  +0.48  +3.51  154.8s
13:51:13 |  55    0.5973    0.7523   0.867σ  +0.4801  +0.48  +3.51  154.4s *
13:53:48 |  56    0.5968    0.7503   0.866σ  +0.4809  +0.48  +3.51  154.9s *
13:56:22 |  57    0.5963    0.7513   0.867σ  +0.4809  +0.48  +3.51  154.3s
13:58:57 |  58    0.5959    0.7515   0.867σ  +0.4816  +0.48  +3.51  154.7s
14:01:32 |  59    0.5954    0.7518   0.867σ  +0.4811  +0.48  +3.51  155.0s
14:04:06 |  60    0.5950    0.7492   0.866σ  +0.4821  +0.48  +3.50  154.5s *
14:06:42 |  61    0.5946    0.7492   0.866σ  +0.4822  +0.48  +3.50  155.3s
14:09:16 |  62    0.5941    0.7478   0.865σ  +0.4825  +0.48  +3.50  154.4s *
14:11:51 |  63    0.5938    0.7492   0.866σ  +0.4832  +0.48  +3.50  154.9s
14:14:21 |  64    0.5934    0.7492   0.866σ  +0.4831  +0.48  +3.50  149.6s
14:16:56 |  65    0.5930    0.7479   0.865σ  +0.4831  +0.48  +3.50  155.0s
14:19:29 |  66    0.5926    0.7475   0.865σ  +0.4833  +0.48  +3.50  153.3s *
14:22:03 |  67    0.5923    0.7476   0.865σ  +0.4835  +0.48  +3.50  153.8s
14:24:35 |  68    0.5920    0.7472   0.864σ  +0.4840  +0.48  +3.50  152.6s *
14:27:09 |  69    0.5917    0.7476   0.865σ  +0.4843  +0.48  +3.50  153.5s
14:29:42 |  70    0.5914    0.7461   0.864σ  +0.4843  +0.48  +3.49  153.0s *
14:32:15 |  71    0.5910    0.7468   0.864σ  +0.4852  +0.48  +3.50  153.3s
14:34:48 |  72    0.5908    0.7470   0.864σ  +0.4849  +0.48  +3.50  153.2s
14:37:22 |  73    0.5906    0.7458   0.864σ  +0.4853  +0.48  +3.49  153.1s *
14:39:55 |  74    0.5903    0.7465   0.864σ  +0.4854  +0.48  +3.49  153.3s
14:42:28 |  75    0.5901    0.7453   0.863σ  +0.4854  +0.48  +3.49  153.4s *
14:44:59 |  76    0.5898    0.7458   0.864σ  +0.4857  +0.48  +3.49  151.2s
14:47:33 |  77    0.5896    0.7444   0.863σ  +0.4856  +0.48  +3.49  153.4s *
14:50:07 |  78    0.5894    0.7457   0.864σ  +0.4858  +0.48  +3.49  154.0s
14:52:40 |  79    0.5892    0.7450   0.863σ  +0.4863  +0.48  +3.49  153.1s
14:55:13 |  80    0.5890    0.7439   0.863σ  +0.4861  +0.48  +3.49  153.5s *
14:57:46 |  81    0.5889    0.7438   0.862σ  +0.4863  +0.48  +3.49  152.8s *
15:00:19 |  82    0.5886    0.7442   0.863σ  +0.4865  +0.48  +3.49  153.0s
15:02:53 |  83    0.5886    0.7439   0.863σ  +0.4867  +0.48  +3.49  153.3s
15:05:24 |  84    0.5884    0.7439   0.862σ  +0.4867  +0.48  +3.49  151.7s
15:07:55 |  85    0.5882    0.7443   0.863σ  +0.4868  +0.48  +3.49  151.0s
15:10:29 |  86    0.5881    0.7430   0.862σ  +0.4870  +0.48  +3.49  153.3s *
15:13:02 |  87    0.5879    0.7433   0.862σ  +0.4868  +0.48  +3.49  153.7s
15:15:35 |  88    0.5879    0.7434   0.862σ  +0.4869  +0.48  +3.49  153.0s
15:18:08 |  89    0.5878    0.7439   0.863σ  +0.4873  +0.48  +3.49  153.0s
15:20:42 |  90    0.5876    0.7434   0.862σ  +0.4873  +0.48  +3.49  153.2s
15:23:16 |  91    0.5875    0.7428   0.862σ  +0.4875  +0.48  +3.49  154.2s *
15:25:48 |  92    0.5874    0.7431   0.862σ  +0.4874  +0.48  +3.49  152.7s
15:28:22 |  93    0.5873    0.7428   0.862σ  +0.4872  +0.48  +3.49  153.9s
15:30:55 |  94    0.5873    0.7426   0.862σ  +0.4877  +0.48  +3.49  153.0s *
15:33:29 |  95    0.5872    0.7428   0.862σ  +0.4877  +0.48  +3.49  153.9s
15:36:02 |  96    0.5870    0.7428   0.862σ  +0.4878  +0.48  +3.49  153.0s
15:38:36 |  97    0.5870    0.7425   0.862σ  +0.4879  +0.48  +3.49  153.5s *
15:41:09 |  98    0.5869    0.7426   0.862σ  +0.4879  +0.48  +3.49  153.1s
15:43:42 |  99    0.5869    0.7425   0.862σ  +0.4879  +0.48  +3.49  153.2s
15:46:15 | 100    0.5868    0.7425   0.862σ  +0.4879  +0.48  +3.49  153.2s
15:46:15 | ----------------------------------------------------------------
15:46:15 | Training complete. Best RMSE: 0.8617σ, Pearson: +0.4879
15:46:15 | Checkpoint: /Users/gbeam/workspace/ki7mt-ai-lab/ki7mt-ai-lab-training/versions/v20/ionis_v20.pth
15:46:15 | 
15:46:15 | ======================================================================
15:46:15 | V20 REPLICATION RESULTS
15:46:15 | ======================================================================
15:46:15 | 
15:46:15 | SUCCESS CRITERIA:
15:46:15 |   Pearson > +0.48:   +0.4879  PASS
15:46:15 |   Kp sidecar > +3.0σ: +3.487σ  PASS
15:46:15 |   SFI sidecar > +0.4σ: +0.482σ  PASS
15:46:15 | 
15:46:15 | >>> V20 REPLICATION: SUCCESS <<<
15:46:15 | >>> V16 architecture reproduced in clean codebase <<<
15:46:15 | >>> Ready to lock code and proceed to production <<<
15:46:15 | 
15:46:15 | V16 REFERENCE:
15:46:15 |   Pearson:     +0.4873
15:46:15 |   Kp sidecar:  +3.445σ
15:46:15 |   SFI sidecar: +0.478σ
